Log
Begin sample: 0, End sample: 10.
Finished sample 0
Time spent: 0 h 0 min 3 s
Finished sample 1
Time spent: 0 h 0 min 3 s
Finished sample 2
Time spent: 0 h 0 min 3 s
Finished sample 3
Time spent: 0 h 0 min 2 s
Finished sample 4
Time spent: 0 h 0 min 3 s
Finished sample 5
Time spent: 0 h 0 min 3 s
Finished sample 6
Time spent: 0 h 0 min 3 s
Finished sample 7
Time spent: 0 h 0 min 2 s
Finished sample 8
Time spent: 0 h 0 min 3 s
Finished sample 9
Time spent: 0 h 0 min 3 s
Finished Calculating Response!
Writing to file!
Finished Response!
Writing final timing to log file!
Time spent: 0 h 0 min 28 s
